Log file open, 05/13/19 04:11:00
LogWindows: Failed to load 'aqProf.dll' (GetLastError=126)
LogWindows: File 'aqProf.dll' does not exist
LogWindows: Failed to load 'VtuneApi.dll' (GetLastError=126)
LogWindows: File 'VtuneApi.dll' does not exist
LogWindows: Failed to load 'VtuneApi32e.dll' (GetLastError=126)
LogWindows: File 'VtuneApi32e.dll' does not exist
LogConsoleResponse: Display: Failed to find resolution value strings in scalability ini. Falling back to default.
LogInit: Display: Running engine for game: MyProject
LogPakFile: Registered encryption key '00000000000000000000000000000000': 0 pak files mounted, 0 remain pending
LogPlatformFile: Not using cached read wrapper
LogTaskGraph: Started task graph with 5 named threads and 23 total threads with 3 sets of task threads.
LogStats: Stats thread started at 1.313449
LogD3D11RHI: Loaded GFSDK_Aftermath_Lib.x64.dll
LogICUInternationalization: ICU TimeZone Detection - Raw Offset: -5:00, Platform Override: ''
LogPluginManager: Mounting plugin Paper2D
LogPluginManager: Mounting plugin AISupport
LogPluginManager: Mounting plugin LightPropagationVolume
LogPluginManager: Mounting plugin ActorLayerUtilities
LogPluginManager: Mounting plugin CLionSourceCodeAccess
LogPluginManager: Mounting plugin CodeLiteSourceCodeAccess
LogPluginManager: Mounting plugin GitSourceControl
LogPluginManager: Mounting plugin KDevelopSourceCodeAccess
LogPluginManager: Mounting plugin NullSourceCodeAccess
LogPluginManager: Mounting plugin PerforceSourceControl
LogPluginManager: Mounting plugin SubversionSourceControl
LogPluginManager: Mounting plugin UObjectPlugin
LogPluginManager: Mounting plugin VisualStudioCodeSourceCodeAccess
LogPluginManager: Mounting plugin VisualStudioSourceCodeAccess
LogPluginManager: Mounting plugin XCodeSourceCodeAccess
LogPluginManager: Mounting plugin AssetManagerEditor
LogPluginManager: Mounting plugin CryptoKeys
LogPluginManager: Mounting plugin DataValidation
LogPluginManager: Mounting plugin FacialAnimation
LogPluginManager: Mounting plugin GameplayTagsEditor
LogPluginManager: Mounting plugin MacGraphicsSwitching
LogPluginManager: Mounting plugin MeshEditor
LogPluginManager: Mounting plugin MobileLauncherProfileWizard
LogPluginManager: Mounting plugin PluginBrowser
LogPluginManager: Mounting plugin SpeedTreeImporter
LogPluginManager: Mounting plugin DatasmithContent
LogPluginManager: Mounting plugin VariantManagerContent
LogPluginManager: Mounting plugin AlembicImporter
LogPluginManager: Mounting plugin AppleImageUtils
LogPluginManager: Mounting plugin AppleVision
LogPluginManager: Mounting plugin BackChannel
LogPluginManager: Mounting plugin CharacterAI
LogPluginManager: Mounting plugin GeometryCache
LogPluginManager: Mounting plugin HTML5Networking
LogPluginManager: Mounting plugin ProxyLODPlugin
LogPluginManager: Mounting plugin MagicLeap
LogPluginManager: Mounting plugin MagicLeapMedia
LogPluginManager: Mounting plugin AndroidMedia
LogPluginManager: Mounting plugin AvfMedia
LogPluginManager: Mounting plugin ImgMedia
LogPluginManager: Mounting plugin LinearTimecode
LogPluginManager: Mounting plugin MediaCompositing
LogPluginManager: Mounting plugin MediaPlayerEditor
LogPluginManager: Mounting plugin WebMMedia
LogPluginManager: Mounting plugin WmfMedia
LogPluginManager: Mounting plugin TcpMessaging
LogPluginManager: Mounting plugin UdpMessaging
LogPluginManager: Mounting plugin ActorSequence
LogPluginManager: Mounting plugin LevelSequenceEditor
LogPluginManager: Mounting plugin MatineeToLevelSequence
LogPluginManager: Mounting plugin NetcodeUnitTest
LogPluginManager: Mounting plugin NUTUnrealEngine4
LogPluginManager: Mounting plugin OnlineSubsystemGooglePlay
LogPluginManager: Mounting plugin OnlineSubsystemIOS
LogPluginManager: Mounting plugin OnlineSubsystem
LogPluginManager: Mounting plugin OnlineSubsystemNull
LogPluginManager: Mounting plugin OnlineSubsystemUtils
LogPluginManager: Mounting plugin LauncherChunkInstaller
LogPluginManager: Mounting plugin AndroidDeviceProfileSelector
LogPluginManager: Mounting plugin AndroidMoviePlayer
LogPluginManager: Mounting plugin AndroidPermission
LogPluginManager: Mounting plugin AppleMoviePlayer
LogPluginManager: Mounting plugin ArchVisCharacter
LogPluginManager: Mounting plugin AudioCapture
LogPluginManager: Mounting plugin CableComponent
LogPluginManager: Mounting plugin CustomMeshComponent
LogPluginManager: Mounting plugin EditableMesh
LogPluginManager: Mounting plugin ExampleDeviceProfileSelector
LogPluginManager: Mounting plugin Firebase
LogPluginManager: Mounting plugin GoogleCloudMessaging
LogPluginManager: Mounting plugin IOSDeviceProfileSelector
LogPluginManager: Mounting plugin LinuxDeviceProfileSelector
LogPluginManager: Mounting plugin LocationServicesBPLibrary
LogPluginManager: Mounting plugin MobilePatchingUtils
LogPluginManager: Mounting plugin OculusVR
LogPluginManager: Mounting plugin PhysXVehicles
LogPluginManager: Mounting plugin ProceduralMeshComponent
LogPluginManager: Mounting plugin RuntimePhysXCooking
LogPluginManager: Mounting plugin SteamVR
LogPluginManager: Mounting plugin WebMMoviePlayer
LogPluginManager: Mounting plugin WindowsMoviePlayer
LogStreaming: Display: Took  0.552s to configure plugins.
LogInit: Using libcurl 7.55.1-DEV
LogInit:  - built for x86_64-pc-win32
LogInit:  - supports SSL with OpenSSL/1.0.2h
LogInit:  - supports HTTP deflate (compression) using libz 1.2.8
LogInit:  - other features:
LogInit:      CURL_VERSION_SSL
LogInit:      CURL_VERSION_LIBZ
LogInit:      CURL_VERSION_IPV6
LogInit:      CURL_VERSION_ASYNCHDNS
LogInit:      CURL_VERSION_LARGEFILE
LogInit:      CURL_VERSION_IDN
LogInit:  CurlRequestOptions (configurable via config and command line):
LogInit:  - bVerifyPeer = true  - Libcurl will verify peer certificate
LogInit:  - bUseHttpProxy = false  - Libcurl will NOT use HTTP proxy
LogInit:  - bDontReuseConnections = false  - Libcurl will reuse connections
LogInit:  - MaxHostConnections = 16  - Libcurl will limit the number of connections to a host
LogInit:  - LocalHostAddr = Default
LogInit:  - BufferSize = 65536
LogInit: WinSock: version 1.1 (2.2), MaxSocks=32767, MaxUdp=65467
LogInit: Build: ++UE4+Release-4.21-CL-4753647
LogInit: Engine Version: 4.21.2-4753647+++UE4+Release-4.21
LogInit: Compatible Engine Version: 4.21.0-4541578+++UE4+Release-4.21
LogInit: Net CL: 4541578
LogInit: OS: Windows 10 (), CPU: Intel(R) Core(TM) i7-4712MQ CPU @ 2.30GHz, GPU: Intel(R) HD Graphics 4600
LogInit: Compiled (64-bit): Jan 19 2019 02:07:31
LogInit: Compiled with Visual C++: 19.13.26129.00
LogInit: Build Configuration: Development
LogInit: Branch Name: ++UE4+Release-4.21
LogInit: Command Line: 
LogInit: Base Directory: C:/Program Files/Epic Games/UE_4.21/Engine/Binaries/Win64/
LogInit: Installed Engine Build: 1
LogDevObjectVersion: Number of dev versions registered: 22
LogDevObjectVersion:   Dev-Blueprints (B0D832E4-1F89-4F0D-ACCF-7EB736FD4AA2): 10
LogDevObjectVersion:   Dev-Build (E1C64328-A22C-4D53-A36C-8E866417BD8C): 0
LogDevObjectVersion:   Dev-Core (375EC13C-06E4-48FB-B500-84F0262A717E): 2
LogDevObjectVersion:   Dev-Editor (E4B068ED-F494-42E9-A231-DA0B2E46BB41): 26
LogDevObjectVersion:   Dev-Framework (CFFC743F-43B0-4480-9391-14DF171D2073): 34
LogDevObjectVersion:   Dev-Mobile (B02B49B5-BB20-44E9-A304-32B752E40360): 2
LogDevObjectVersion:   Dev-Networking (A4E4105C-59A1-49B5-A7C5-40C4547EDFEE): 0
LogDevObjectVersion:   Dev-Online (39C831C9-5AE6-47DC-9A44-9C173E1C8E7C): 0
LogDevObjectVersion:   Dev-Physics (78F01B33-EBEA-4F98-B9B4-84EACCB95AA2): 0
LogDevObjectVersion:   Dev-Platform (6631380F-2D4D-43E0-8009-CF276956A95A): 0
LogDevObjectVersion:   Dev-Rendering (12F88B9F-8875-4AFC-A67C-D90C383ABD29): 27
LogDevObjectVersion:   Dev-Sequencer (7B5AE74C-D270-4C10-A958-57980B212A5A): 9
LogDevObjectVersion:   Dev-VR (D7296918-1DD6-4BDD-9DE2-64A83CC13884): 2
LogDevObjectVersion:   Dev-LoadTimes (C2A15278-BFE7-4AFE-6C17-90FF531DF755): 1
LogDevObjectVersion:   Private-Geometry (6EACA3D4-40EC-4CC1-B786-8BED09428FC5): 3
LogDevObjectVersion:   Dev-AnimPhys (29E575DD-E0A3-4627-9D10-D276232CDCEA): 17
LogDevObjectVersion:   Dev-Anim (AF43A65D-7FD3-4947-9873-3E8ED9C1BB05): 2
LogDevObjectVersion:   Dev-ReflectionCapture (6B266CEC-1EC7-4B8F-A30B-E4D90942FC07): 1
LogDevObjectVersion:   Dev-Automation (0DF73D61-A23F-47EA-B727-89E90C41499A): 1
LogDevObjectVersion:   FortniteMain (601D1886-AC64-4F84-AA16-D3DE0DEAC7D6): 17
LogDevObjectVersion:   Dev-Enterprise (9DFFBCD6-494F-0158-E221-12823C92A888): 4
LogDevObjectVersion:   Dev-Niagara (F2AED0AC-9AFE-416F-8664-AA7FFA26D6FC): 1
LogStreaming: Display: Took  0.273s to delete old logs.
LogInit: Presizing for max 8388607 objects, including 0 objects not considered by GC, pre-allocating 0 bytes for permanent pool.
LogInit: Object subsystem initialized
LogConfig: Setting CVar [[con.DebugEarlyDefault:1]]
LogConfig: Setting CVar [[r.setres:1280x720]]
[2019.05.13-08.11.07:284][  0]LogConfig: Setting CVar [[r.VSync:0]]
[2019.05.13-08.11.07:284][  0]LogConfig: Setting CVar [[r.RHICmdBypass:0]]
[2019.05.13-08.11.07:284][  0]LogConfig: Applying CVar settings from Section [/Script/Engine.RendererSettings] File [C:/Users/Miriam/Documents/GAME2019/GAME2019/MyProject/Saved/Config/Windows/Engine.ini]
[2019.05.13-08.11.07:284][  0]LogConfig: Setting CVar [[r.GPUCrashDebugging:0]]
[2019.05.13-08.11.07:284][  0]LogConfig: Applying CVar settings from Section [/Script/Engine.RendererOverrideSettings] File [C:/Users/Miriam/Documents/GAME2019/GAME2019/MyProject/Saved/Config/Windows/Engine.ini]
[2019.05.13-08.11.07:284][  0]LogConfig: Applying CVar settings from Section [/Script/Engine.StreamingSettings] File [C:/Users/Miriam/Documents/GAME2019/GAME2019/MyProject/Saved/Config/Windows/Engine.ini]
[2019.05.13-08.11.07:284][  0]LogConfig: Setting CVar [[s.MinBulkDataSizeForAsyncLoading:131072]]
[2019.05.13-08.11.07:284][  0]LogConfig: Setting CVar [[s.AsyncLoadingThreadEnabled:0]]
[2019.05.13-08.11.07:284][  0]LogConfig: Setting CVar [[s.EventDrivenLoaderEnabled:1]]
[2019.05.13-08.11.07:284][  0]LogConfig: Setting CVar [[s.WarnIfTimeLimitExceeded:0]]
[2019.05.13-08.11.07:284][  0]LogConfig: Setting CVar [[s.TimeLimitExceededMultiplier:1.5]]
[2019.05.13-08.11.07:284][  0]LogConfig: Setting CVar [[s.TimeLimitExceededMinTime:0.005]]
[2019.05.13-08.11.07:284][  0]LogConfig: Setting CVar [[s.UseBackgroundLevelStreaming:1]]
[2019.05.13-08.11.07:285][  0]LogConfig: Setting CVar [[s.PriorityAsyncLoadingExtraTime:15.0]]
[2019.05.13-08.11.07:285][  0]LogConfig: Setting CVar [[s.LevelStreamingActorsUpdateTimeLimit:5.0]]
[2019.05.13-08.11.07:285][  0]LogConfig: Setting CVar [[s.PriorityLevelStreamingActorsUpdateExtraTime:5.0]]
[2019.05.13-08.11.07:285][  0]LogConfig: Setting CVar [[s.LevelStreamingComponentsRegistrationGranularity:10]]
[2019.05.13-08.11.07:285][  0]LogConfig: Setting CVar [[s.UnregisterComponentsTimeLimit:1.0]]
[2019.05.13-08.11.07:285][  0]LogConfig: Setting CVar [[s.LevelStreamingComponentsUnregistrationGranularity:5]]
[2019.05.13-08.11.07:285][  0]LogConfig: Applying CVar settings from Section [/Script/Engine.GarbageCollectionSettings] File [C:/Users/Miriam/Documents/GAME2019/GAME2019/MyProject/Saved/Config/Windows/Engine.ini]
[2019.05.13-08.11.07:285][  0]LogConfig: Setting CVar [[gc.MaxObjectsNotConsideredByGC:1]]
[2019.05.13-08.11.07:285][  0]LogConfig: Setting CVar [[gc.SizeOfPermanentObjectPool:0]]
[2019.05.13-08.11.07:285][  0]LogConfig: Setting CVar [[gc.FlushStreamingOnGC:0]]
[2019.05.13-08.11.07:285][  0]LogConfig: Setting CVar [[gc.NumRetriesBeforeForcingGC:10]]
[2019.05.13-08.11.07:285][  0]LogConfig: Setting CVar [[gc.AllowParallelGC:1]]
[2019.05.13-08.11.07:285][  0]LogConfig: Setting CVar [[gc.TimeBetweenPurgingPendingKillObjects:61.1]]
[2019.05.13-08.11.07:285][  0]LogConfig: Setting CVar [[gc.MaxObjectsInEditor:8388607]]
[2019.05.13-08.11.07:285][  0]LogConfig: Setting CVar [[gc.IncrementalBeginDestroyEnabled:1]]
[2019.05.13-08.11.07:285][  0]LogConfig: Setting CVar [[gc.CreateGCClusters:1]]
[2019.05.13-08.11.07:285][  0]LogConfig: Setting CVar [[gc.MergeGCClusters:0]]
[2019.05.13-08.11.07:285][  0]LogConfig: Setting CVar [[gc.MinGCClusterSize:5]]
[2019.05.13-08.11.07:285][  0]LogConfig: Setting CVar [[gc.ActorClusteringEnabled:0]]
[2019.05.13-08.11.07:285][  0]LogConfig: Setting CVar [[gc.BlueprintClusteringEnabled:0]]
[2019.05.13-08.11.07:285][  0]LogConfig: Setting CVar [[gc.UseDisregardForGCOnDedicatedServers:0]]
[2019.05.13-08.11.07:285][  0]LogConfig: Applying CVar settings from Section [/Script/Engine.NetworkSettings] File [C:/Users/Miriam/Documents/GAME2019/GAME2019/MyProject/Saved/Config/Windows/Engine.ini]
[2019.05.13-08.11.07:285][  0]LogConfig: Applying CVar settings from Section [/Script/UnrealEd.CookerSettings] File [C:/Users/Miriam/Documents/GAME2019/GAME2019/MyProject/Saved/Config/Windows/Engine.ini]
[2019.05.13-08.11.07:358][  0]LogConfig: Applying CVar settings from Section [ViewDistanceQuality@3] File [C:/Users/Miriam/Documents/GAME2019/GAME2019/MyProject/Saved/Config/Windows/Scalability.ini]
[2019.05.13-08.11.07:358][  0]LogConfig: Setting CVar [[r.SkeletalMeshLODBias:0]]
[2019.05.13-08.11.07:358][  0]LogConfig: Setting CVar [[r.ViewDistanceScale:1.0]]
[2019.05.13-08.11.07:358][  0]LogConfig: Applying CVar settings from Section [AntiAliasingQuality@3] File [C:/Users/Miriam/Documents/GAME2019/GAME2019/MyProject/Saved/Config/Windows/Scalability.ini]
[2019.05.13-08.11.07:358][  0]LogConfig: Setting CVar [[r.PostProcessAAQuality:4]]
[2019.05.13-08.11.07:358][  0]LogConfig: Applying CVar settings from Section [ShadowQuality@3] File [C:/Users/Miriam/Documents/GAME2019/GAME2019/MyProject/Saved/Config/Windows/Scalability.ini]
[2019.05.13-08.11.07:358][  0]LogConfig: Setting CVar [[r.LightFunctionQuality:1]]
[2019.05.13-08.11.07:358][  0]LogConfig: Setting CVar [[r.ShadowQuality:5]]
[2019.05.13-08.11.07:358][  0]LogConfig: Setting CVar [[r.Shadow.CSM.MaxCascades:10]]
[2019.05.13-08.11.07:358][  0]LogConfig: Setting CVar [[r.Shadow.MaxResolution:2048]]
[2019.05.13-08.11.07:358][  0]LogConfig: Setting CVar [[r.Shadow.MaxCSMResolution:2048]]
[2019.05.13-08.11.07:358][  0]LogConfig: Setting CVar [[r.Shadow.RadiusThreshold:0.01]]
[2019.05.13-08.11.07:358][  0]LogConfig: Setting CVar [[r.Shadow.DistanceScale:1.0]]
[2019.05.13-08.11.07:358][  0]LogConfig: Setting CVar [[r.Shadow.CSM.TransitionScale:1.0]]
[2019.05.13-08.11.07:359][  0]LogConfig: Setting CVar [[r.Shadow.PreShadowResolutionFactor:1.0]]
[2019.05.13-08.11.07:359][  0]LogConfig: Setting CVar [[r.DistanceFieldShadowing:1]]
[2019.05.13-08.11.07:359][  0]LogConfig: Setting CVar [[r.DistanceFieldAO:1]]
[2019.05.13-08.11.07:359][  0]LogConfig: Setting CVar [[r.AOQuality:2]]
[2019.05.13-08.11.07:359][  0]LogConfig: Setting CVar [[r.VolumetricFog:1]]
[2019.05.13-08.11.07:359][  0]LogConfig: Setting CVar [[r.VolumetricFog.GridPixelSize:8]]
[2019.05.13-08.11.07:359][  0]LogConfig: Setting CVar [[r.VolumetricFog.GridSizeZ:128]]
[2019.05.13-08.11.07:359][  0]LogConfig: Setting CVar [[r.VolumetricFog.HistoryMissSupersampleCount:4]]
[2019.05.13-08.11.07:359][  0]LogConfig: Setting CVar [[r.LightMaxDrawDistanceScale:1]]
[2019.05.13-08.11.07:359][  0]LogConfig: Setting CVar [[r.CapsuleShadows:1]]
[2019.05.13-08.11.07:359][  0]LogConfig: Applying CVar settings from Section [PostProcessQuality@3] File [C:/Users/Miriam/Documents/GAME2019/GAME2019/MyProject/Saved/Config/Windows/Scalability.ini]
[2019.05.13-08.11.07:359][  0]LogConfig: Setting CVar [[r.MotionBlurQuality:4]]
[2019.05.13-08.11.07:359][  0]LogConfig: Setting CVar [[r.AmbientOcclusionMipLevelFactor:0.4]]
[2019.05.13-08.11.07:359][  0]LogConfig: Setting CVar [[r.AmbientOcclusionMaxQuality:100]]
[2019.05.13-08.11.07:359][  0]LogConfig: Setting CVar [[r.AmbientOcclusionLevels:-1]]
[2019.05.13-08.11.07:359][  0]LogConfig: Setting CVar [[r.AmbientOcclusionRadiusScale:1.0]]
[2019.05.13-08.11.07:359][  0]LogConfig: Setting CVar [[r.DepthOfFieldQuality:2]]
[2019.05.13-08.11.07:359][  0]LogConfig: Setting CVar [[r.RenderTargetPoolMin:400]]
[2019.05.13-08.11.07:359][  0]LogConfig: Setting CVar [[r.LensFlareQuality:2]]
[2019.05.13-08.11.07:359][  0]LogConfig: Setting CVar [[r.SceneColorFringeQuality:1]]
[2019.05.13-08.11.07:359][  0]LogConfig: Setting CVar [[r.EyeAdaptationQuality:2]]
[2019.05.13-08.11.07:359][  0]LogConfig: Setting CVar [[r.BloomQuality:5]]
[2019.05.13-08.11.07:359][  0]LogConfig: Setting CVar [[r.FastBlurThreshold:100]]
[2019.05.13-08.11.07:359][  0]LogConfig: Setting CVar [[r.Upscale.Quality:3]]
[2019.05.13-08.11.07:359][  0]LogConfig: Setting CVar [[r.Tonemapper.GrainQuantization:1]]
[2019.05.13-08.11.07:359][  0]LogConfig: Setting CVar [[r.LightShaftQuality:1]]
[2019.05.13-08.11.07:359][  0]LogConfig: Setting CVar [[r.Filter.SizeScale:1]]
[2019.05.13-08.11.07:359][  0]LogConfig: Setting CVar [[r.Tonemapper.Quality:5]]
[2019.05.13-08.11.07:359][  0]LogConfig: Setting CVar [[r.DOF.Gather.AccumulatorQuality:1        ; higher gathering accumulator quality]]
[2019.05.13-08.11.07:359][  0]LogConfig: Setting CVar [[r.DOF.Gather.PostfilterMethod:1          ; Median3x3 postfilering method]]
[2019.05.13-08.11.07:359][  0]LogConfig: Setting CVar [[r.DOF.Gather.EnableBokehSettings:0       ; no bokeh simulation when gathering]]
[2019.05.13-08.11.07:359][  0]LogConfig: Setting CVar [[r.DOF.Gather.RingCount:4                 ; medium number of samples when gathering]]
[2019.05.13-08.11.07:359][  0]LogConfig: Setting CVar [[r.DOF.Scatter.ForegroundCompositing:1    ; additive foreground scattering]]
[2019.05.13-08.11.07:359][  0]LogConfig: Setting CVar [[r.DOF.Scatter.BackgroundCompositing:2    ; additive background scattering]]
[2019.05.13-08.11.07:359][  0]LogConfig: Setting CVar [[r.DOF.Scatter.EnableBokehSettings:1      ; bokeh simulation when scattering]]
[2019.05.13-08.11.07:359][  0]LogConfig: Setting CVar [[r.DOF.Scatter.MaxSpriteRatio:0.1         ; only a maximum of 10% of scattered bokeh]]
[2019.05.13-08.11.07:359][  0]LogConfig: Setting CVar [[r.DOF.Recombine.Quality:1                ; cheap slight out of focus]]
[2019.05.13-08.11.07:359][  0]LogConfig: Setting CVar [[r.DOF.Recombine.EnableBokehSettings:0    ; no bokeh simulation on slight out of focus]]
[2019.05.13-08.11.07:359][  0]LogConfig: Setting CVar [[r.DOF.TemporalAAQuality:1                ; more stable temporal accumulation]]
[2019.05.13-08.11.07:360][  0]LogConfig: Setting CVar [[r.DOF.Kernel.MaxForegroundRadius:0.025]]
[2019.05.13-08.11.07:360][  0]LogConfig: Setting CVar [[r.DOF.Kernel.MaxBackgroundRadius:0.025]]
[2019.05.13-08.11.07:360][  0]LogConfig: Applying CVar settings from Section [TextureQuality@3] File [C:/Users/Miriam/Documents/GAME2019/GAME2019/MyProject/Saved/Config/Windows/Scalability.ini]
[2019.05.13-08.11.07:360][  0]LogConfig: Setting CVar [[r.Streaming.MipBias:0]]
[2019.05.13-08.11.07:360][  0]LogConfig: Setting CVar [[r.Streaming.AmortizeCPUToGPUCopy:0]]
[2019.05.13-08.11.07:360][  0]LogConfig: Setting CVar [[r.Streaming.MaxNumTexturesToStreamPerFrame:0]]
[2019.05.13-08.11.07:360][  0]LogConfig: Setting CVar [[r.Streaming.Boost:1]]
[2019.05.13-08.11.07:360][  0]LogConfig: Setting CVar [[r.MaxAnisotropy:8]]
[2019.05.13-08.11.07:360][  0]LogConfig: Setting CVar [[r.Streaming.LimitPoolSizeToVRAM:0]]
[2019.05.13-08.11.07:360][  0]LogConfig: Setting CVar [[r.Streaming.PoolSize:1000]]
[2019.05.13-08.11.07:360][  0]LogConfig: Setting CVar [[r.Streaming.MaxEffectiveScreenSize:0]]
[2019.05.13-08.11.07:360][  0]LogConfig: Applying CVar settings from Section [EffectsQuality@3] File [C:/Users/Miriam/Documents/GAME2019/GAME2019/MyProject/Saved/Config/Windows/Scalability.ini]
[2019.05.13-08.11.07:360][  0]LogConfig: Setting CVar [[r.TranslucencyLightingVolumeDim:64]]
[2019.05.13-08.11.07:360][  0]LogConfig: Setting CVar [[r.RefractionQuality:2]]
[2019.05.13-08.11.07:360][  0]LogConfig: Setting CVar [[r.SSR.Quality:3]]
[2019.05.13-08.11.07:360][  0]LogConfig: Setting CVar [[r.SceneColorFormat:4]]
[2019.05.13-08.11.07:360][  0]LogConfig: Setting CVar [[r.DetailMode:2]]
[2019.05.13-08.11.07:360][  0]LogConfig: Setting CVar [[r.TranslucencyVolumeBlur:1]]
[2019.05.13-08.11.07:360][  0]LogConfig: Setting CVar [[r.MaterialQualityLevel:1 ; High quality]]
[2019.05.13-08.11.07:360][  0]LogConfig: Setting CVar [[r.SSS.Scale:1]]
[2019.05.13-08.11.07:360][  0]LogConfig: Setting CVar [[r.SSS.SampleSet:2]]
[2019.05.13-08.11.07:360][  0]LogConfig: Setting CVar [[r.SSS.Quality:1]]
[2019.05.13-08.11.07:360][  0]LogConfig: Setting CVar [[r.SSS.HalfRes:1]]
[2019.05.13-08.11.07:360][  0]LogConfig: Setting CVar [[r.EmitterSpawnRateScale:1.0]]
[2019.05.13-08.11.07:360][  0]LogConfig: Setting CVar [[r.ParticleLightQuality:2]]
[2019.05.13-08.11.07:360][  0]LogConfig: Applying CVar settings from Section [FoliageQuality@3] File [C:/Users/Miriam/Documents/GAME2019/GAME2019/MyProject/Saved/Config/Windows/Scalability.ini]
[2019.05.13-08.11.07:360][  0]LogConfig: Setting CVar [[foliage.DensityScale:1.0]]
[2019.05.13-08.11.07:360][  0]LogConfig: Setting CVar [[grass.DensityScale:1.0]]
[2019.05.13-08.11.07:382][  0]LogInit: Selected Device Profile: [Windows]
[2019.05.13-08.11.07:382][  0]LogInit: Applying CVar settings loaded from the selected device profile: [Windows]
[2019.05.13-08.11.07:560][  0]LogHAL: Display: Platform has ~ 8 GB [8473403392 / 8589934592 / 8], which maps to Default [LargestMinGB=32, LargerMinGB=12, DefaultMinGB=8, SmallerMinGB=6, SmallestMinGB=0)
[2019.05.13-08.11.07:589][  0]LogConfig: Setting CVar [[r.Vulkan.UseRealUBs:1]]
[2019.05.13-08.11.07:589][  0]LogInit: Going up to parent DeviceProfile []
[2019.05.13-08.11.07:589][  0]LogConfig: Applying CVar settings from Section [ViewDistanceQuality@3] File [C:/Users/Miriam/Documents/GAME2019/GAME2019/MyProject/Saved/Config/Windows/Scalability.ini]
[2019.05.13-08.11.07:589][  0]LogConfig: Setting CVar [[r.SkeletalMeshLODBias:0]]
[2019.05.13-08.11.07:590][  0]LogConfig: Setting CVar [[r.ViewDistanceScale:1.0]]
[2019.05.13-08.11.07:590][  0]LogConfig: Applying CVar settings from Section [AntiAliasingQuality@3] File [C:/Users/Miriam/Documents/GAME2019/GAME2019/MyProject/Saved/Config/Windows/Scalability.ini]
[2019.05.13-08.11.07:590][  0]LogConfig: Setting CVar [[r.PostProcessAAQuality:4]]
[2019.05.13-08.11.07:590][  0]LogConfig: Applying CVar settings from Section [ShadowQuality@3] File [C:/Users/Miriam/Documents/GAME2019/GAME2019/MyProject/Saved/Config/Windows/Scalability.ini]
[2019.05.13-08.11.07:590][  0]LogConfig: Setting CVar [[r.LightFunctionQuality:1]]
[2019.05.13-08.11.07:590][  0]LogConfig: Setting CVar [[r.ShadowQuality:5]]
[2019.05.13-08.11.07:590][  0]LogConfig: Setting CVar [[r.Shadow.CSM.MaxCascades:10]]
[2019.05.13-08.11.07:590][  0]LogConfig: Setting CVar [[r.Shadow.MaxResolution:2048]]
[2019.05.13-08.11.07:590][  0]LogConfig: Setting CVar [[r.Shadow.MaxCSMResolution:2048]]
[2019.05.13-08.11.07:590][  0]LogConfig: Setting CVar [[r.Shadow.RadiusThreshold:0.01]]
[2019.05.13-08.11.07:590][  0]LogConfig: Setting CVar [[r.Shadow.DistanceScale:1.0]]
[2019.05.13-08.11.07:590][  0]LogConfig: Setting CVar [[r.Shadow.CSM.TransitionScale:1.0]]
[2019.05.13-08.11.07:590][  0]LogConfig: Setting CVar [[r.Shadow.PreShadowResolutionFactor:1.0]]
[2019.05.13-08.11.07:590][  0]LogConfig: Setting CVar [[r.DistanceFieldShadowing:1]]
[2019.05.13-08.11.07:590][  0]LogConfig: Setting CVar [[r.DistanceFieldAO:1]]
[2019.05.13-08.11.07:590][  0]LogConfig: Setting CVar [[r.AOQuality:2]]
[2019.05.13-08.11.07:590][  0]LogConfig: Setting CVar [[r.VolumetricFog:1]]
[2019.05.13-08.11.07:590][  0]LogConfig: Setting CVar [[r.VolumetricFog.GridPixelSize:8]]
[2019.05.13-08.11.07:590][  0]LogConfig: Setting CVar [[r.VolumetricFog.GridSizeZ:128]]
[2019.05.13-08.11.07:590][  0]LogConfig: Setting CVar [[r.VolumetricFog.HistoryMissSupersampleCount:4]]
[2019.05.13-08.11.07:590][  0]LogConfig: Setting CVar [[r.LightMaxDrawDistanceScale:1]]
[2019.05.13-08.11.07:590][  0]LogConfig: Setting CVar [[r.CapsuleShadows:1]]
[2019.05.13-08.11.07:590][  0]LogConfig: Applying CVar settings from Section [PostProcessQuality@3] File [C:/Users/Miriam/Documents/GAME2019/GAME2019/MyProject/Saved/Config/Windows/Scalability.ini]
[2019.05.13-08.11.07:590][  0]LogConfig: Setting CVar [[r.MotionBlurQuality:4]]
[2019.05.13-08.11.07:590][  0]LogConfig: Setting CVar [[r.AmbientOcclusionMipLevelFactor:0.4]]
[2019.05.13-08.11.07:590][  0]LogConfig: Setting CVar [[r.AmbientOcclusionMaxQuality:100]]
[2019.05.13-08.11.07:590][  0]LogConfig: Setting CVar [[r.AmbientOcclusionLevels:-1]]
[2019.05.13-08.11.07:590][  0]LogConfig: Setting CVar [[r.AmbientOcclusionRadiusScale:1.0]]
[2019.05.13-08.11.07:590][  0]LogConfig: Setting CVar [[r.DepthOfFieldQuality:2]]
[2019.05.13-08.11.07:590][  0]LogConfig: Setting CVar [[r.RenderTargetPoolMin:400]]
[2019.05.13-08.11.07:590][  0]LogConfig: Setting CVar [[r.LensFlareQuality:2]]
[2019.05.13-08.11.07:590][  0]LogConfig: Setting CVar [[r.SceneColorFringeQuality:1]]
[2019.05.13-08.11.07:590][  0]LogConfig: Setting CVar [[r.EyeAdaptationQuality:2]]
[2019.05.13-08.11.07:590][  0]LogConfig: Setting CVar [[r.BloomQuality:5]]
[2019.05.13-08.11.07:590][  0]LogConfig: Setting CVar [[r.FastBlurThreshold:100]]
[2019.05.13-08.11.07:590][  0]LogConfig: Setting CVar [[r.Upscale.Quality:3]]
[2019.05.13-08.11.07:590][  0]LogConfig: Setting CVar [[r.Tonemapper.GrainQuantization:1]]
[2019.05.13-08.11.07:590][  0]LogConfig: Setting CVar [[r.LightShaftQuality:1]]
[2019.05.13-08.11.07:590][  0]LogConfig: Setting CVar [[r.Filter.SizeScale:1]]
[2019.05.13-08.11.07:590][  0]LogConfig: Setting CVar [[r.Tonemapper.Quality:5]]
[2019.05.13-08.11.07:590][  0]LogConfig: Setting CVar [[r.DOF.Gather.AccumulatorQuality:1        ; higher gathering accumulator quality]]
[2019.05.13-08.11.07:590][  0]LogConfig: Setting CVar [[r.DOF.Gather.PostfilterMethod:1          ; Median3x3 postfilering method]]
[2019.05.13-08.11.07:590][  0]LogConfig: Setting CVar [[r.DOF.Gather.EnableBokehSettings:0       ; no bokeh simulation when gathering]]
[2019.05.13-08.11.07:590][  0]LogConfig: Setting CVar [[r.DOF.Gather.RingCount:4                 ; medium number of samples when gathering]]
[2019.05.13-08.11.07:590][  0]LogConfig: Setting CVar [[r.DOF.Scatter.ForegroundCompositing:1    ; additive foreground scattering]]
[2019.05.13-08.11.07:590][  0]LogConfig: Setting CVar [[r.DOF.Scatter.BackgroundCompositing:2    ; additive background scattering]]
[2019.05.13-08.11.07:590][  0]LogConfig: Setting CVar [[r.DOF.Scatter.EnableBokehSettings:1      ; bokeh simulation when scattering]]
[2019.05.13-08.11.07:590][  0]LogConfig: Setting CVar [[r.DOF.Scatter.MaxSpriteRatio:0.1         ; only a maximum of 10% of scattered bokeh]]
[2019.05.13-08.11.07:590][  0]LogConfig: Setting CVar [[r.DOF.Recombine.Quality:1                ; cheap slight out of focus]]
[2019.05.13-08.11.07:590][  0]LogConfig: Setting CVar [[r.DOF.Recombine.EnableBokehSettings:0    ; no bokeh simulation on slight out of focus]]
[2019.05.13-08.11.07:590][  0]LogConfig: Setting CVar [[r.DOF.TemporalAAQuality:1                ; more stable temporal accumulation]]
[2019.05.13-08.11.07:590][  0]LogConfig: Setting CVar [[r.DOF.Kernel.MaxForegroundRadius:0.025]]
[2019.05.13-08.11.07:590][  0]LogConfig: Setting CVar [[r.DOF.Kernel.MaxBackgroundRadius:0.025]]
[2019.05.13-08.11.07:590][  0]LogConfig: Applying CVar settings from Section [TextureQuality@3] File [C:/Users/Miriam/Documents/GAME2019/GAME2019/MyProject/Saved/Config/Windows/Scalability.ini]
[2019.05.13-08.11.07:590][  0]LogConfig: Setting CVar [[r.Streaming.MipBias:0]]
[2019.05.13-08.11.07:590][  0]LogConfig: Setting CVar [[r.Streaming.AmortizeCPUToGPUCopy:0]]
[2019.05.13-08.11.07:590][  0]LogConfig: Setting CVar [[r.Streaming.MaxNumTexturesToStreamPerFrame:0]]
[2019.05.13-08.11.07:591][  0]LogConfig: Setting CVar [[r.Streaming.Boost:1]]
[2019.05.13-08.11.07:591][  0]LogConfig: Setting CVar [[r.MaxAnisotropy:8]]
[2019.05.13-08.11.07:591][  0]LogConfig: Setting CVar [[r.Streaming.LimitPoolSizeToVRAM:0]]
[2019.05.13-08.11.07:591][  0]LogConfig: Setting CVar [[r.Streaming.PoolSize:1000]]
[2019.05.13-08.11.07:591][  0]LogConfig: Setting CVar [[r.Streaming.MaxEffectiveScreenSize:0]]
[2019.05.13-08.11.07:591][  0]LogConfig: Applying CVar settings from Section [EffectsQuality@3] File [C:/Users/Miriam/Documents/GAME2019/GAME2019/MyProject/Saved/Config/Windows/Scalability.ini]
[2019.05.13-08.11.07:591][  0]LogConfig: Setting CVar [[r.TranslucencyLightingVolumeDim:64]]
[2019.05.13-08.11.07:591][  0]LogConfig: Setting CVar [[r.RefractionQuality:2]]
[2019.05.13-08.11.07:591][  0]LogConfig: Setting CVar [[r.SSR.Quality:3]]
[2019.05.13-08.11.07:591][  0]LogConfig: Setting CVar [[r.SceneColorFormat:4]]
[2019.05.13-08.11.07:591][  0]LogConfig: Setting CVar [[r.DetailMode:2]]
[2019.05.13-08.11.07:591][  0]LogConfig: Setting CVar [[r.TranslucencyVolumeBlur:1]]
[2019.05.13-08.11.07:591][  0]LogConfig: Setting CVar [[r.MaterialQualityLevel:1 ; High quality]]
[2019.05.13-08.11.07:591][  0]LogConfig: Setting CVar [[r.SSS.Scale:1]]
[2019.05.13-08.11.07:591][  0]LogConfig: Setting CVar [[r.SSS.SampleSet:2]]
[2019.05.13-08.11.07:591][  0]LogConfig: Setting CVar [[r.SSS.Quality:1]]
[2019.05.13-08.11.07:591][  0]LogConfig: Setting CVar [[r.SSS.HalfRes:1]]
[2019.05.13-08.11.07:591][  0]LogConfig: Setting CVar [[r.EmitterSpawnRateScale:1.0]]
[2019.05.13-08.11.07:591][  0]LogConfig: Setting CVar [[r.ParticleLightQuality:2]]
[2019.05.13-08.11.07:591][  0]LogConfig: Applying CVar settings from Section [FoliageQuality@3] File [C:/Users/Miriam/Documents/GAME2019/GAME2019/MyProject/Saved/Config/Windows/Scalability.ini]
[2019.05.13-08.11.07:591][  0]LogConfig: Setting CVar [[foliage.DensityScale:1.0]]
[2019.05.13-08.11.07:591][  0]LogConfig: Setting CVar [[grass.DensityScale:1.0]]
[2019.05.13-08.11.07:591][  0]LogConfig: Applying CVar settings from Section [Startup] File [../../../Engine/Config/ConsoleVariables.ini]
[2019.05.13-08.11.07:620][  0]LogConfig: Setting CVar [[net.UseAdaptiveNetUpdateFrequency:0]]
[2019.05.13-08.11.07:620][  0]LogConfig: Applying CVar settings from Section [ConsoleVariables] File [C:/Users/Miriam/Documents/GAME2019/GAME2019/MyProject/Saved/Config/Windows/Engine.ini]
[2019.05.13-08.11.07:739][  0]LogInit: Computer: ASUS-200
[2019.05.13-08.11.07:739][  0]LogInit: User: McFatty
[2019.05.13-08.11.07:739][  0]LogInit: CPU Page size=4096, Cores=4
[2019.05.13-08.11.07:739][  0]LogInit: High frequency timer resolution =2.240917 MHz
[2019.05.13-08.11.07:777][  0]LogMemory: Memory total: Physical=7.9GB (8GB approx)
[2019.05.13-08.11.07:777][  0]LogMemory: Platform Memory Stats for Windows
[2019.05.13-08.11.07:777][  0]LogMemory: Process Physical Memory: 104.27 MB used, 104.27 MB peak
[2019.05.13-08.11.07:777][  0]LogMemory: Process Virtual Memory: 89.74 MB used, 89.74 MB peak
[2019.05.13-08.11.07:777][  0]LogMemory: Physical Memory: 7257.79 MB used,  823.08 MB free, 8080.87 MB total
[2019.05.13-08.11.07:777][  0]LogMemory: Virtual Memory: 4651.16 MB used,  134213080.00 MB free, 134217728.00 MB total
[2019.05.13-08.11.09:141][  0]LogInit: Using OS detected language (en-US).
[2019.05.13-08.11.09:141][  0]LogInit: Using OS detected locale (en-US).
[2019.05.13-08.11.09:238][  0]LogTextLocalizationManager: No specific localization for 'en-US' exists, so the 'en' localization will be used.
[2019.05.13-08.11.11:052][  0]LogStreaming: Display: Took  1.923s to InitEngineTextLocalization.
[2019.05.13-08.11.11:052][  0]LogInit: Setting process to per monitor DPI aware
[2019.05.13-08.11.12:357][  0]LogSlate: New Slate User Created.  User Index 0, Is Virtual User: 0
[2019.05.13-08.11.12:357][  0]LogSlate: Slate User Registered.  User Index 0, Is Virtual User: 0
[2019.05.13-08.11.30:733][  0]LogHMD: Failed to initialize OpenVR with code 110
[2019.05.13-08.11.30:733][  0]LogD3D11RHI: D3D11 adapters:
[2019.05.13-08.11.33:007][  0]LogD3D11RHI:    0. 'NVIDIA GeForce 930M' (Feature Level 11_0)
[2019.05.13-08.11.33:007][  0]LogD3D11RHI:       2010/0/4040 MB DedicatedVideo/DedicatedSystem/SharedSystem, Outputs:1, VendorId:0x10de
[2019.05.13-08.11.33:053][  0]LogD3D11RHI:    1. 'Intel(R) HD Graphics 4600' (Feature Level 11_0)
[2019.05.13-08.11.33:053][  0]LogD3D11RHI:       112/0/2048 MB DedicatedVideo/DedicatedSystem/SharedSystem, Outputs:0, VendorId:0x8086
[2019.05.13-08.11.33:137][  0]LogD3D11RHI:    2. 'Microsoft Basic Render Driver' (Feature Level 11_0)
[2019.05.13-08.11.33:137][  0]LogD3D11RHI:       0/0/4040 MB DedicatedVideo/DedicatedSystem/SharedSystem, Outputs:0, VendorId:0x1414
[2019.05.13-08.11.33:137][  0]LogD3D11RHI: Chosen D3D11 Adapter: 0
[2019.05.13-08.11.33:232][  0]LogD3D11RHI: Creating new Direct3DDevice
[2019.05.13-08.11.33:232][  0]LogD3D11RHI:     GPU DeviceId: 0x1346 (for the marketing name, search the web for "GPU Device Id")
[2019.05.13-08.11.33:232][  0]LogWindows: EnumDisplayDevices:
[2019.05.13-08.11.33:233][  0]LogWindows:    0. 'Intel(R) HD Graphics 4600' (P:1 D:1)
[2019.05.13-08.11.33:233][  0]LogWindows:    1. 'Intel(R) HD Graphics 4600' (P:0 D:0)
[2019.05.13-08.11.33:234][  0]LogWindows:    2. 'Intel(R) HD Graphics 4600' (P:0 D:0)
[2019.05.13-08.11.33:234][  0]LogWindows: DebugString: PrimaryIsNotTheChoosenAdapter PrimaryIsNotTheChoosenAdapter PrimaryIsNotTheChoosenAdapter FoundDriverCount:0 
[2019.05.13-08.11.33:234][  0]LogD3D11RHI:     Adapter Name: NVIDIA GeForce 930M
[2019.05.13-08.11.33:234][  0]LogD3D11RHI:   Driver Version: Unknown (internal:Unknown, unified:Unknown)
[2019.05.13-08.11.33:234][  0]LogD3D11RHI:      Driver Date: Unknown
[2019.05.13-08.11.33:234][  0]LogRHI: Texture pool is 1407 MB (70% of 2010 MB)
[2019.05.13-08.11.33:427][  0]LogD3D11RHI: Async texture creation enabled
[2019.05.13-08.11.33:882][  0]LogD3D11RHI: GPU Timing Frequency: 1000.000000 (Debug: 2 2)
[2019.05.13-08.11.38:320][  0]LogTemp: Display: Loaded TP AllDesktopTargetPlatform
[2019.05.13-08.11.38:365][  0]LogTemp: Display: Loaded TP MacClientTargetPlatform
[2019.05.13-08.11.38:462][  0]LogTemp: Display: Loaded TP MacNoEditorTargetPlatform
[2019.05.13-08.11.38:547][  0]LogTemp: Display: Loaded TP MacServerTargetPlatform
[2019.05.13-08.11.38:664][  0]LogTemp: Display: Loaded TP MacTargetPlatform
[2019.05.13-08.11.38:702][  0]LogTemp: Display: Loaded TP WindowsClientTargetPlatform
[2019.05.13-08.11.38:728][  0]LogTemp: Display: Loaded TP WindowsNoEditorTargetPlatform
[2019.05.13-08.11.38:757][  0]LogTemp: Display: Loaded TP WindowsServerTargetPlatform
[2019.05.13-08.11.38:776][  0]LogTemp: Display: Loaded TP WindowsTargetPlatform
[2019.05.13-08.11.39:161][  0]LogTemp: Display: Loaded TP AndroidTargetPlatform
[2019.05.13-08.11.39:161][  0]LogTemp: Display: Loaded TP AndroidTargetPlatform
[2019.05.13-08.11.39:161][  0]LogTemp: Display: Loaded TP AndroidTargetPlatform
[2019.05.13-08.11.39:161][  0]LogTemp: Display: Loaded TP AndroidTargetPlatform
[2019.05.13-08.11.39:161][  0]LogTemp: Display: Loaded TP AndroidTargetPlatform
[2019.05.13-08.11.39:161][  0]LogTemp: Display: Loaded TP AndroidTargetPlatform
[2019.05.13-08.11.39:161][  0]LogTemp: Display: Loaded TP AndroidTargetPlatform
[2019.05.13-08.11.39:161][  0]LogTemp: Display: Loaded TP AndroidTargetPlatform
[2019.05.13-08.11.39:161][  0]LogTemp: Display: Loaded TP AndroidTargetPlatform
[2019.05.13-08.11.39:162][  0]LogTemp: Display: Loaded TP AndroidTargetPlatform
[2019.05.13-08.11.39:162][  0]LogTemp: Display: Loaded TP AndroidTargetPlatform
[2019.05.13-08.11.39:162][  0]LogTemp: Display: Loaded TP AndroidTargetPlatform
[2019.05.13-08.11.39:162][  0]LogTemp: Display: Loaded TP AndroidTargetPlatform
[2019.05.13-08.11.39:162][  0]LogTemp: Display: Loaded TP AndroidTargetPlatform
[2019.05.13-08.11.39:162][  0]LogTemp: Display: Loaded TP AndroidTargetPlatform
[2019.05.13-08.11.39:162][  0]LogTemp: Display: Loaded TP AndroidTargetPlatform
[2019.05.13-08.11.39:162][  0]LogTemp: Display: Loaded TP AndroidTargetPlatform
[2019.05.13-08.11.39:162][  0]LogTemp: Display: Loaded TP AndroidTargetPlatform
[2019.05.13-08.11.39:220][  0]LogTemp: Display: Loaded TP HTML5TargetPlatform
[2019.05.13-08.11.39:501][  0]LogTemp: Display: Loaded TP IOSTargetPlatform
[2019.05.13-08.11.39:501][  0]LogTemp: Display: Loaded TP IOSTargetPlatform
[2019.05.13-08.11.39:616][  0]LogTemp: Display: Loaded TP TVOSTargetPlatform
[2019.05.13-08.11.39:616][  0]LogTemp: Display: Loaded TP TVOSTargetPlatform
[2019.05.13-08.11.39:677][  0]LogTemp: Display: Loaded TP LinuxClientTargetPlatform
[2019.05.13-08.11.39:796][  0]LogTemp: Display: Loaded TP LinuxNoEditorTargetPlatform
[2019.05.13-08.11.39:893][  0]LogTemp: Display: Loaded TP LinuxServerTargetPlatform
[2019.05.13-08.11.40:002][  0]LogTemp: Display: Loaded TP LinuxTargetPlatform
[2019.05.13-08.11.40:143][  0]LogTemp: Display: Loaded TP LuminTargetPlatform
[2019.05.13-08.11.40:143][  0]LogTemp: Display: Loaded TP LuminTargetPlatform
[2019.05.13-08.11.40:143][  0]LogTargetPlatformManager: Display: Building Assets For Windows
[2019.05.13-08.11.41:482][  0]LogShaderCompilers: Guid format shader working directory is -21 characters bigger than the processId version (../../../../../../Users/Miriam/Documents/GAME2019/GAME2019/MyProject/Intermediate/Shaders/WorkingDirectory/6940/).
[2019.05.13-08.11.41:495][  0]LogShaderCompilers: Cleaned the shader compiler working directory 'C:/Users/Miriam/AppData/Local/Temp/UnrealShaderWorkingDir/523C4D634D7A119AB88ABEA762342866/'.
[2019.05.13-08.11.41:540][  0]LogXGEController: Cannot use XGE Controller as Incredibuild is not installed on this machine.
[2019.05.13-08.11.41:540][  0]LogShaderCompilers: Cannot use XGE Shader Compiler as Incredibuild is not installed on this machine.
[2019.05.13-08.11.41:540][  0]LogShaderCompilers: Display: Using Local Shader Compiler.
[2019.05.13-08.11.54:213][  0]LogDerivedDataCache: Display: Max Cache Size: 512 MB
[2019.05.13-08.11.55:332][  0]LogDerivedDataCache: Loaded boot cache 1.10s 71MB C:/Users/Miriam/AppData/Local/UnrealEngine/4.21/DerivedDataCache/Boot.ddc.
[2019.05.13-08.11.55:332][  0]LogDerivedDataCache: Display: Loaded Boot cache: C:/Users/Miriam/AppData/Local/UnrealEngine/4.21/DerivedDataCache/Boot.ddc
[2019.05.13-08.11.55:332][  0]LogDerivedDataCache: FDerivedDataBackendGraph:  Pak pak cache file ../../../../../../Users/Miriam/Documents/GAME2019/GAME2019/MyProject/DerivedDataCache/DDC.ddp not found, will not use a pak cache.
[2019.05.13-08.11.55:332][  0]LogDerivedDataCache: Unable to find inner node Pak for hierarchical cache Hierarchy.
[2019.05.13-08.11.55:332][  0]LogDerivedDataCache: FDerivedDataBackendGraph:  CompressedPak pak cache file ../../../../../../Users/Miriam/Documents/GAME2019/GAME2019/MyProject/DerivedDataCache/Compressed.ddp not found, will not use a pak cache.
[2019.05.13-08.11.55:332][  0]LogDerivedDataCache: Unable to find inner node CompressedPak for hierarchical cache Hierarchy.
[2019.05.13-08.11.55:513][  0]LogDerivedDataCache: Display: Pak cache opened for reading ../../../Engine/DerivedDataCache/Compressed.ddp.
[2019.05.13-08.11.55:513][  0]LogDerivedDataCache: FDerivedDataBackendGraph:  EnterprisePak pak cache file ../../../Enterprise/DerivedDataCache/Compressed.ddp not found, will not use a pak cache.
[2019.05.13-08.11.55:513][  0]LogDerivedDataCache: Unable to find inner node EnterprisePak for hierarchical cache Hierarchy.
[2019.05.13-08.11.55:614][  0]LogDerivedDataCache: Using Local data cache path C:/Users/Miriam/AppData/Local/UnrealEngine/Common/DerivedDataCache: Writable
[2019.05.13-08.11.55:614][  0]LogDerivedDataCache: Shared data cache path not found in *engine.ini, will not use an Shared cache.
[2019.05.13-08.11.55:614][  0]LogDerivedDataCache: Unable to find inner node Shared for hierarchical cache Hierarchy.
[2019.05.13-08.11.55:759][  0]LogMaterial: Verifying Global Shaders for PCD3D_SM5
[2019.05.13-08.11.55:939][  0]LogSlate: Using FreeType 2.6.0
[2019.05.13-08.11.56:197][  0]LogSlate: SlateFontServices - WITH_FREETYPE: 1, WITH_HARFBUZZ: 1
[2019.05.13-08.12.02:632][  0]LogAssetRegistry: FAssetRegistry took 0.0391 seconds to start up
[2019.05.13-08.12.13:517][  0]LogInit: Selected Device Profile: [Windows]
[2019.05.13-08.12.17:600][  0]LogSimplygon: Simplygon DLL not present - disabling.
[2019.05.13-08.12.18:191][  0]LogMeshReduction: Using SimplygonSwarm for distributed automatic mesh merging
[2019.05.13-08.12.18:238][  0]LogMeshReduction: Using ProxyLODMeshReduction for automatic mesh merging
[2019.05.13-08.12.18:272][  0]LogMeshReduction: Using QuadricMeshReduction for automatic static mesh reduction
[2019.05.13-08.12.18:272][  0]LogMeshReduction: No automatic skeletal mesh reduction module available
[2019.05.13-08.12.19:270][  0]LogNetVersion: MyProject 1.0.0, NetCL: 4541578, EngineNetVer: 5, GameNetVer: 0 (Checksum: 1637960414)
[2019.05.13-08.12.26:814][  0]LogPackageLocalizationCache: Processed 11 localized package path(s) for 2 prioritized culture(s) in 0.465080 seconds
[2019.05.13-08.12.27:063][  0]LogUObjectArray: 39775 objects as part of root set at end of initial load.
[2019.05.13-08.12.27:063][  0]LogUObjectAllocator: 6914656 out of 0 bytes used by permanent object pool.
[2019.05.13-08.12.27:063][  0]LogUObjectArray: CloseDisregardForGC: 0/0 objects in disregard for GC pool
[2019.05.13-08.13.27:827][  0]LogTcpMessaging: Initializing TcpMessaging bridge
[2019.05.13-08.13.27:875][  0]LogUdpMessaging: Initializing bridge on interface 0.0.0.0:0 to multicast group 230.0.0.1:6666.
[2019.05.13-08.13.34:622][  0]SourceControl: Source control is disabled
[2019.05.13-08.13.34:648][  0]LogWindows: Warning: CreateProc failed: The system cannot find the file specified. (0x00000002)
[2019.05.13-08.13.34:648][  0]LogWindows: Warning: URL: C:/Program Files/Git/bin/git.exe version
[2019.05.13-08.13.34:649][  0]LogWindows: Warning: CreateProc failed: The system cannot find the file specified. (0x00000002)
[2019.05.13-08.13.34:649][  0]LogWindows: Warning: URL: C:/Program Files (x86)/Git/bin/git.exe version
[2019.05.13-08.13.34:675][  0]LogWindows: Warning: CreateProc failed: The system cannot find the file specified. (0x00000002)
[2019.05.13-08.13.34:675][  0]LogWindows: Warning: URL: C:\Users\Miriam\AppData\Local/Programs/Git/cmd/git.exe version
[2019.05.13-08.13.34:676][  0]LogWindows: Warning: CreateProc failed: The system cannot find the file specified. (0x00000002)
[2019.05.13-08.13.34:676][  0]LogWindows: Warning: URL: C:/Program Files (x86)/SmartGit/git/bin/git.exe version
[2019.05.13-08.13.34:676][  0]LogWindows: Warning: CreateProc failed: The system cannot find the file specified. (0x00000002)
[2019.05.13-08.13.34:677][  0]LogWindows: Warning: URL: C:/Program Files (x86)/SmartGit/bin/git.exe version
[2019.05.13-08.13.34:677][  0]LogWindows: Warning: CreateProc failed: The system cannot find the file specified. (0x00000002)
[2019.05.13-08.13.34:677][  0]LogWindows: Warning: URL: C:\Users\Miriam\AppData\Local/Atlassian/SourceTree/git_local/bin/git.exe version
[2019.05.13-08.13.34:677][  0]LogWindows: Warning: CreateProc failed: The system cannot find the file specified. (0x00000002)
[2019.05.13-08.13.34:677][  0]LogWindows: Warning: URL: C:/Program Files (x86)/fournova/Tower/vendor/Git/bin/git.exe version
[2019.05.13-08.13.35:163][  0]LogWindows: Warning: CreateProc failed: The system cannot find the file specified. (0x00000002)
[2019.05.13-08.13.35:163][  0]LogWindows: Warning: URL: C:/Program Files/Git/bin/git.exe version
[2019.05.13-08.13.35:164][  0]LogWindows: Warning: CreateProc failed: The system cannot find the file specified. (0x00000002)
[2019.05.13-08.13.35:164][  0]LogWindows: Warning: URL: C:/Program Files (x86)/Git/bin/git.exe version
[2019.05.13-08.13.35:164][  0]LogWindows: Warning: CreateProc failed: The system cannot find the file specified. (0x00000002)
[2019.05.13-08.13.35:164][  0]LogWindows: Warning: URL: C:\Users\Miriam\AppData\Local/Programs/Git/cmd/git.exe version
[2019.05.13-08.13.35:164][  0]LogWindows: Warning: CreateProc failed: The system cannot find the file specified. (0x00000002)
[2019.05.13-08.13.35:164][  0]LogWindows: Warning: URL: C:/Program Files (x86)/SmartGit/git/bin/git.exe version
[2019.05.13-08.13.35:164][  0]LogWindows: Warning: CreateProc failed: The system cannot find the file specified. (0x00000002)
[2019.05.13-08.13.35:164][  0]LogWindows: Warning: URL: C:/Program Files (x86)/SmartGit/bin/git.exe version
[2019.05.13-08.13.35:165][  0]LogWindows: Warning: CreateProc failed: The system cannot find the file specified. (0x00000002)
[2019.05.13-08.13.35:165][  0]LogWindows: Warning: URL: C:\Users\Miriam\AppData\Local/Atlassian/SourceTree/git_local/bin/git.exe version
[2019.05.13-08.13.35:165][  0]LogWindows: Warning: CreateProc failed: The system cannot find the file specified. (0x00000002)
[2019.05.13-08.13.35:165][  0]LogWindows: Warning: URL: C:/Program Files (x86)/fournova/Tower/vendor/Git/bin/git.exe version
[2019.05.13-08.13.35:326][  0]LogWindows: Warning: CreateProc failed: The system cannot find the file specified. (0x00000002)
[2019.05.13-08.13.35:326][  0]LogWindows: Warning: URL: C:/Program Files/Git/bin/git.exe version
[2019.05.13-08.13.35:326][  0]LogWindows: Warning: CreateProc failed: The system cannot find the file specified. (0x00000002)
[2019.05.13-08.13.35:326][  0]LogWindows: Warning: URL: C:/Program Files (x86)/Git/bin/git.exe version
[2019.05.13-08.13.35:326][  0]LogWindows: Warning: CreateProc failed: The system cannot find the file specified. (0x00000002)
[2019.05.13-08.13.35:326][  0]LogWindows: Warning: URL: C:\Users\Miriam\AppData\Local/Programs/Git/cmd/git.exe version
[2019.05.13-08.13.35:327][  0]LogWindows: Warning: CreateProc failed: The system cannot find the file specified. (0x00000002)
[2019.05.13-08.13.35:327][  0]LogWindows: Warning: URL: C:/Program Files (x86)/SmartGit/git/bin/git.exe version
[2019.05.13-08.13.35:327][  0]LogWindows: Warning: CreateProc failed: The system cannot find the file specified. (0x00000002)
[2019.05.13-08.13.35:327][  0]LogWindows: Warning: URL: C:/Program Files (x86)/SmartGit/bin/git.exe version
[2019.05.13-08.13.35:328][  0]LogWindows: Warning: CreateProc failed: The system cannot find the file specified. (0x00000002)
[2019.05.13-08.13.35:328][  0]LogWindows: Warning: URL: C:\Users\Miriam\AppData\Local/Atlassian/SourceTree/git_local/bin/git.exe version
[2019.05.13-08.13.35:328][  0]LogWindows: Warning: CreateProc failed: The system cannot find the file specified. (0x00000002)
[2019.05.13-08.13.35:328][  0]LogWindows: Warning: URL: C:/Program Files (x86)/fournova/Tower/vendor/Git/bin/git.exe version
[2019.05.13-08.13.40:716][  0]LogAndroidPermission: UAndroidPermissionCallbackProxy::GetInstance
[2019.05.13-08.13.41:621][  0]LogOcInput: OculusInput pre-init called
[2019.05.13-08.13.43:573][  0]LogEngine: Initializing Engine...
[2019.05.13-08.13.43:643][  0]LogHMD: Failed to initialize OpenVR with code 110
[2019.05.13-08.13.43:675][  0]LogStats: UGameplayTagsManager::ConstructGameplayTagTree: ImportINI prefixes -  0.000 s
[2019.05.13-08.13.43:675][  0]LogStats: UGameplayTagsManager::ConstructGameplayTagTree: Construct from data asset -  0.000 s
[2019.05.13-08.13.43:676][  0]LogStats: UGameplayTagsManager::ConstructGameplayTagTree: ImportINI -  0.000 s
[2019.05.13-08.13.43:684][  0]LogStats: UGameplayTagsManager::ConstructGameplayTagTree: GameplayTagTreeChangedEvent.Broadcast -  0.008 s
[2019.05.13-08.13.45:514][  0]LogInit: Initializing FReadOnlyCVARCache
[2019.05.13-08.13.45:750][  0]LogAIModule: Creating AISystem for world Untitled
[2019.05.13-08.13.45:824][  0]LogInit: XAudio2 using 'Speakers (Conexant SmartAudio HD)' : 2 channels at 48 kHz using 32 bits per sample (channel mask 0x3)
[2019.05.13-08.13.46:312][  0]LogInit: FAudioDevice initialized.
[2019.05.13-08.13.46:323][  0]LogNetVersion: Set ProjectVersion to 1.0.0.0. Version Checksum will be recalculated on next use.
[2019.05.13-08.13.47:999][  0]LogDerivedDataCache: Saved boot cache 1.68s 71MB C:/Users/Miriam/AppData/Local/UnrealEngine/4.21/DerivedDataCache/Boot.ddc.
[2019.05.13-08.13.48:017][  0]LogInit: Texture streaming: Enabled
[2019.05.13-08.13.48:728][  0]LogEngineSessionManager: EngineSessionManager initialized
[2019.05.13-08.13.48:911][  0]LogInit: Transaction tracking system initialized
[2019.05.13-08.13.49:350][  0]BlueprintLog: New page: Editor Load
[2019.05.13-08.13.51:520][  0]LocalizationService: Localization service is disabled
[2019.05.13-08.13.57:211][  0]LogCook: Display: Max memory allowance for cook 16384mb min free memory 0mb
[2019.05.13-08.13.57:243][  0]LogCook: Display: Mobile HDR setting 1
[2019.05.13-08.13.57:243][  0]LogGameplayTags: Display: UGameplayTagsManager::DoneAddingNativeTags. DelegateIsBound: 0
[2019.05.13-08.13.57:243][  0]LogStats: UGameplayTagsManager::ConstructGameplayTagTree: ImportINI prefixes -  0.000 s
[2019.05.13-08.13.57:243][  0]LogStats: UGameplayTagsManager::ConstructGameplayTagTree: Construct from data asset -  0.000 s
[2019.05.13-08.13.57:244][  0]LogStats: UGameplayTagsManager::ConstructGameplayTagTree: ImportINI -  0.000 s
[2019.05.13-08.13.57:244][  0]LogStats: UGameplayTagsManager::ConstructGameplayTagTree: GameplayTagTreeChangedEvent.Broadcast -  0.000 s
[2019.05.13-08.13.57:312][  0]LogFileCache: Scanning file cache for directory 'C:/Users/Miriam/Documents/GAME2019/GAME2019/MyProject/Content/' took 0.20s
[2019.05.13-08.14.03:939][  0]LogWindows: Warning: CreateProc failed: The system cannot find the file specified. (0x00000002)
[2019.05.13-08.14.03:939][  0]LogWindows: Warning: URL: C:/Program Files/Git/bin/git.exe version
[2019.05.13-08.14.03:939][  0]LogWindows: Warning: CreateProc failed: The system cannot find the file specified. (0x00000002)
[2019.05.13-08.14.03:939][  0]LogWindows: Warning: URL: C:/Program Files (x86)/Git/bin/git.exe version
[2019.05.13-08.14.03:940][  0]LogWindows: Warning: CreateProc failed: The system cannot find the file specified. (0x00000002)
[2019.05.13-08.14.03:940][  0]LogWindows: Warning: URL: C:\Users\Miriam\AppData\Local/Programs/Git/cmd/git.exe version
[2019.05.13-08.14.03:940][  0]LogWindows: Warning: CreateProc failed: The system cannot find the file specified. (0x00000002)
[2019.05.13-08.14.03:940][  0]LogWindows: Warning: URL: C:/Program Files (x86)/SmartGit/git/bin/git.exe version
[2019.05.13-08.14.03:940][  0]LogWindows: Warning: CreateProc failed: The system cannot find the file specified. (0x00000002)
[2019.05.13-08.14.03:941][  0]LogWindows: Warning: URL: C:/Program Files (x86)/SmartGit/bin/git.exe version
[2019.05.13-08.14.03:941][  0]LogWindows: Warning: CreateProc failed: The system cannot find the file specified. (0x00000002)
[2019.05.13-08.14.03:941][  0]LogWindows: Warning: URL: C:\Users\Miriam\AppData\Local/Atlassian/SourceTree/git_local/bin/git.exe version
[2019.05.13-08.14.03:941][  0]LogWindows: Warning: CreateProc failed: The system cannot find the file specified. (0x00000002)
[2019.05.13-08.14.03:941][  0]LogWindows: Warning: URL: C:/Program Files (x86)/fournova/Tower/vendor/Git/bin/git.exe version
[2019.05.13-08.14.03:960][  0]Cmd: MAP LOAD FILE="../../../../../../Users/Miriam/Documents/GAME2019/GAME2019/MyProject/Content/FirstPersonBP/Maps/FirstPersonExampleMap.umap" TEMPLATE=0 SHOWPROGRESS=1 FEATURELEVEL=3
[2019.05.13-08.14.04:039][  0]LightingResults: New page: Lighting Build
[2019.05.13-08.14.04:317][  0]MapCheck: New page: Map Check
[2019.05.13-08.14.04:317][  0]LightingResults: New page: Lighting Build
[2019.05.13-08.14.18:816][  0]LogAIModule: Creating AISystem for world FirstPersonExampleMap
[2019.05.13-08.14.18:962][  0]LogEditorServer: Finished looking for orphan Actors (0.000 secs)
[2019.05.13-08.14.19:030][  0]Cmd: MAP CHECKDEP NOCLEARLOG
[2019.05.13-08.14.19:030][  0]MapCheck: Map check complete: 0 Error(s), 0 Warning(s), took 0.258ms to complete.
[2019.05.13-08.14.19:030][  0]LogFileHelpers: Loading map 'FirstPersonExampleMap' took 15.070
[2019.05.13-08.14.22:349][  0]LogSlate: Updating window title bar state: overlay mode, drag disabled, window buttons hidden, title bar hidden
[2019.05.13-08.14.22:361][  0]LogSlate: Updating window title bar state: overlay mode, drag disabled, window buttons hidden, title bar hidden
[2019.05.13-08.14.22:379][  0]LogSlate: Updating window title bar state: overlay mode, drag disabled, window buttons hidden, title bar hidden
[2019.05.13-08.14.22:395][  0]LogSlate: Updating window title bar state: overlay mode, drag disabled, window buttons hidden, title bar hidden
[2019.05.13-08.14.22:539][  0]LogCollectionManager: Loaded 0 collections in 0.005509 seconds
[2019.05.13-08.14.22:706][  0]LogFileCache: Scanning file cache for directory 'C:/Users/Miriam/Documents/GAME2019/GAME2019/MyProject/Saved/Collections/' took 0.01s
[2019.05.13-08.14.22:706][  0]LogFileCache: Scanning file cache for directory 'C:/Users/Miriam/Documents/GAME2019/GAME2019/MyProject/Content/Developers/McFatty/Collections/' took 0.00s
[2019.05.13-08.14.22:706][  0]LogFileCache: Scanning file cache for directory 'C:/Users/Miriam/Documents/GAME2019/GAME2019/MyProject/Content/Collections/' took 0.00s
[2019.05.13-08.14.22:706][  0]LogCollectionManager: Rebuilt the GUID cache for 0 collections in 0.000001 seconds
[2019.05.13-08.14.22:732][  0]LogContentBrowser: Native class hierarchy populated in 0.0258 seconds. Added 2651 classes and 620 folders.
[2019.05.13-08.14.22:840][  0]LogContentBrowser: Native class hierarchy updated for 'WidgetCarousel' in 0.0003 seconds. Added 0 classes and 0 folders.
[2019.05.13-08.14.23:831][  0]LogPakFile: Registered encryption key '00000000000000000000000000000000': 0 pak files mounted, 0 remain pending
[2019.05.13-08.14.24:186][  0]LogPakFile: Registered encryption key '00000000000000000000000000000000': 0 pak files mounted, 0 remain pending
[2019.05.13-08.14.24:349][  0]LogPakFile: Registered encryption key '00000000000000000000000000000000': 0 pak files mounted, 0 remain pending
[2019.05.13-08.14.24:423][  0]LogPakFile: Registered encryption key '00000000000000000000000000000000': 0 pak files mounted, 0 remain pending
[2019.05.13-08.14.24:477][  0]LogPakFile: Registered encryption key '00000000000000000000000000000000': 0 pak files mounted, 0 remain pending
[2019.05.13-08.14.24:543][  0]LogPakFile: Registered encryption key '00000000000000000000000000000000': 0 pak files mounted, 0 remain pending
[2019.05.13-08.14.24:624][  0]LogPakFile: Registered encryption key '00000000000000000000000000000000': 0 pak files mounted, 0 remain pending
[2019.05.13-08.14.24:756][  0]LogPakFile: Registered encryption key '00000000000000000000000000000000': 0 pak files mounted, 0 remain pending
[2019.05.13-08.14.24:793][  0]LogPakFile: Registered encryption key '00000000000000000000000000000000': 0 pak files mounted, 0 remain pending
[2019.05.13-08.14.24:893][  0]LogPakFile: Registered encryption key '00000000000000000000000000000000': 0 pak files mounted, 0 remain pending
[2019.05.13-08.14.24:942][  0]LogPakFile: Registered encryption key '00000000000000000000000000000000': 0 pak files mounted, 0 remain pending
[2019.05.13-08.14.24:984][  0]LogPakFile: Registered encryption key '00000000000000000000000000000000': 0 pak files mounted, 0 remain pending
[2019.05.13-08.14.25:433][  0]LogPakFile: Registered encryption key '00000000000000000000000000000000': 0 pak files mounted, 0 remain pending
[2019.05.13-08.14.25:501][  0]LogPakFile: Registered encryption key '00000000000000000000000000000000': 0 pak files mounted, 0 remain pending
[2019.05.13-08.14.25:573][  0]LogPakFile: Registered encryption key '00000000000000000000000000000000': 0 pak files mounted, 0 remain pending
[2019.05.13-08.14.25:660][  0]LogPakFile: Registered encryption key '00000000000000000000000000000000': 0 pak files mounted, 0 remain pending
[2019.05.13-08.14.25:807][  0]LogPakFile: Registered encryption key '00000000000000000000000000000000': 0 pak files mounted, 0 remain pending
[2019.05.13-08.14.25:882][  0]LogPakFile: Registered encryption key '00000000000000000000000000000000': 0 pak files mounted, 0 remain pending
[2019.05.13-08.14.25:983][  0]LogPakFile: Registered encryption key '00000000000000000000000000000000': 0 pak files mounted, 0 remain pending
[2019.05.13-08.14.26:067][  0]LogPakFile: Registered encryption key '00000000000000000000000000000000': 0 pak files mounted, 0 remain pending
[2019.05.13-08.14.26:209][  0]LogPakFile: Registered encryption key '00000000000000000000000000000000': 0 pak files mounted, 0 remain pending
[2019.05.13-08.14.26:312][  0]LogPakFile: Registered encryption key '00000000000000000000000000000000': 0 pak files mounted, 0 remain pending
[2019.05.13-08.14.26:371][  0]LogPakFile: Registered encryption key '00000000000000000000000000000000': 0 pak files mounted, 0 remain pending
[2019.05.13-08.14.26:415][  0]LogPakFile: Registered encryption key '00000000000000000000000000000000': 0 pak files mounted, 0 remain pending
[2019.05.13-08.14.26:455][  0]LogPakFile: Registered encryption key '00000000000000000000000000000000': 0 pak files mounted, 0 remain pending
[2019.05.13-08.14.26:518][  0]LogPakFile: Registered encryption key '00000000000000000000000000000000': 0 pak files mounted, 0 remain pending
[2019.05.13-08.14.30:194][  0]LogContentBrowser: Native class hierarchy updated for 'AddContentDialog' in 0.0005 seconds. Added 0 classes and 0 folders.
[2019.05.13-08.14.30:235][  0]LogContentBrowser: Native class hierarchy updated for 'SceneOutliner' in 0.0011 seconds. Added 1 classes and 2 folders.
[2019.05.13-08.14.30:838][  0]LogContentBrowser: Native class hierarchy updated for 'HierarchicalLODOutliner' in 0.0005 seconds. Added 0 classes and 0 folders.
[2019.05.13-08.14.30:838][  0]LogLoad: (Engine Initialization) Total time: 299.91 seconds
[2019.05.13-08.14.30:838][  0]LogLoad: (Engine Initialization) Total Blueprint compile time: 0.00 seconds
[2019.05.13-08.14.31:190][  0]LogContentStreaming: Texture pool size now 1000 MB
[2019.05.13-08.14.31:250][  0]LogSlate: Took 0.057648 seconds to synchronously load lazily loaded font '../../../Engine/Content/Slate/Fonts/Roboto-Regular.ttf' (155K)
[2019.05.13-08.14.31:291][  0]LogSlate: Took 0.038867 seconds to synchronously load lazily loaded font '../../../Engine/Content/Slate/Fonts/Roboto-Bold.ttf' (160K)
[2019.05.13-08.14.31:898][  0]LogSlate: Took 0.598445 seconds to synchronously load lazily loaded font '../../../Engine/Content/Editor/Slate/Fonts/FontAwesome.ttf' (139K)
[2019.05.13-08.14.33:238][  0]LogRenderer: Reallocating scene render targets to support 804x284 Format 10 NumSamples 1 (Frame:1).
[2019.05.13-08.14.33:238][  0]LogSlate: Took 0.054280 seconds to synchronously load lazily loaded font '../../../Engine/Content/Slate/Fonts/Roboto-Light.ttf' (167K)
[2019.05.13-08.14.33:451][  1]LogFileCache: Retrieving MD5 hashes for directory 'C:/Users/Miriam/Documents/GAME2019/GAME2019/MyProject/Content/' took 2.53s
[2019.05.13-08.14.34:323][  2]LogSlate: Took 0.000617 seconds to synchronously load lazily loaded font '../../../Engine/Content/Slate/Fonts/Roboto-Light.ttf' (167K)
[2019.05.13-08.14.34:842][  7]LogAssetRegistry: Asset discovery search completed in 152.2327 seconds
[2019.05.13-08.14.34:848][  7]LogCollectionManager: Rebuilt the object cache for 0 collections in 0.000002 seconds (found 0 objects)
[2019.05.13-08.14.34:848][  7]LogCollectionManager: Fixed up redirectors for 0 collections in 0.000156 seconds (updated 0 objects)
[2019.05.13-08.15.28:448][389]LogSlate: FSceneViewport::OnFocusLost() reason 0
[2019.05.13-08.15.28:566][391]LogRenderer: Reallocating scene render targets to support 1004x504 Format 10 NumSamples 1 (Frame:249).
[2019.05.13-08.15.31:450][481]LogAssetEditorManager: Opening Asset editor for LevelSequence /Game/Sequences/ghostmove1.ghostmove1
[2019.05.13-08.19.17:990][283]LogAIModule: Creating AISystem for world 3_18_19
[2019.05.13-08.19.18:051][283]LogAssetEditorManager: Opening Asset editor for World /Game/LEVELS/3_18_19.3_18_19
[2019.05.13-08.19.18:087][283]Cmd: MAP LOAD FILE="../../../../../../Users/Miriam/Documents/GAME2019/GAME2019/MyProject/Content/LEVELS/3_18_19.umap" TEMPLATE=0 SHOWPROGRESS=1 FEATURELEVEL=3
[2019.05.13-08.19.18:087][283]LightingResults: New page: Lighting Build
[2019.05.13-08.19.18:088][283]LoadErrors: New page: Loading map: 3_18_19.umap
[2019.05.13-08.19.18:090][283]MapCheck: New page: Map Check
[2019.05.13-08.19.18:090][283]LightingResults: New page: Lighting Build
[2019.05.13-08.19.18:168][283]LogEditorServer: Finished looking for orphan Actors (0.000 secs)
[2019.05.13-08.19.18:252][283]Cmd: MAP CHECKDEP NOCLEARLOG
[2019.05.13-08.19.18:255][283]MapCheck: Map check complete: 0 Error(s), 0 Warning(s), took 2.321ms to complete.
[2019.05.13-08.19.18:255][283]LogFileHelpers: Loading map '3_18_19' took 0.168
[2019.05.13-08.19.53:082][159]LogEditorViewport: Clicking on Actor (context menu): StaticMeshActor (Floor)
[2019.05.13-08.19.53:345][159]LogSlate: FSceneViewport::OnFocusLost() reason 2
[2019.05.13-08.19.54:278][203]LogEditorViewport: Clicking on Actor (LMB): StaticMeshActor (Floor)
[2019.05.13-08.19.54:801][229]LogEditorViewport: Clicking on Actor (LMB): StaticMeshActor (Floor)
[2019.05.13-08.19.55:320][256]LogEditorViewport: Clicking on Actor (LMB): wrong_item2_C (wrong_item18)
[2019.05.13-08.19.57:139][355]Cmd: DELETE
[2019.05.13-08.19.57:139][355]Cmd: ACTOR DELETE
[2019.05.13-08.19.57:407][355]LogSlate: FSceneViewport::OnFocusLost() reason 2
[2019.05.13-08.19.57:509][355]LogEditorActor: Deleted Actor: wrong_item2_C
[2019.05.13-08.19.57:547][355]LogEditorActor: Deleted 1 Actors (0.182 secs)
[2019.05.13-08.19.58:873][431]LogEditorViewport: Clicking on Actor (LMB): StaticMeshActor (BigWall3)
[2019.05.13-08.20.05:622][802]LogSlate: FSceneViewport::OnFocusLost() reason 0
[2019.05.13-08.20.21:906][613]LogEditorViewport: Clicking on Actor (LMB): StaticMeshActor (Floor)
[2019.05.13-08.20.27:228][889]LogEditorViewport: Clicking on Actor (LMB): wrong_item2_C (wrong_item16)
[2019.05.13-08.20.28:597][964]Cmd: DELETE
[2019.05.13-08.20.28:597][964]Cmd: ACTOR DELETE
[2019.05.13-08.20.28:631][964]LogEditorActor: Deleted Actor: wrong_item2_C
[2019.05.13-08.20.28:671][964]LogEditorActor: Deleted 1 Actors (0.075 secs)
[2019.05.13-08.20.29:695][ 24]LogEditorViewport: Clicking on Actor (LMB): wrong_item2_C (wrong_item17)
[2019.05.13-08.20.29:921][ 33]Cmd: DELETE
[2019.05.13-08.20.29:921][ 33]Cmd: ACTOR DELETE
[2019.05.13-08.20.29:930][ 33]LogEditorActor: Deleted Actor: wrong_item2_C
[2019.05.13-08.20.29:962][ 33]LogEditorActor: Deleted 1 Actors (0.040 secs)
[2019.05.13-08.20.30:958][ 91]LogSlate: FSceneViewport::OnFocusLost() reason 0
[2019.05.13-08.20.31:041][ 96]LogTemp: Repeating last play command: Selected Viewport
[2019.05.13-08.20.31:098][ 96]LogBlueprintUserMessages: Early PlayInEditor Detection: Level '/Game/LEVELS/3_18_19.3_18_19:PersistentLevel' has LevelScriptBlueprint '/Game/LEVELS/3_18_19.3_18_19:PersistentLevel.3_18_19' with GeneratedClass '/Game/LEVELS/3_18_19.3_18_19_C' with ClassGeneratedBy '/Game/LEVELS/3_18_19.3_18_19:PersistentLevel.3_18_19'
[2019.05.13-08.20.31:098][ 96]LogPlayLevel: PlayLevel: No blueprints needed recompiling
[2019.05.13-08.20.31:141][ 96]PIE: New page: PIE session: 3_18_19 (May 13, 2019, 12:20:31 AM)
[2019.05.13-08.20.31:154][ 96]LogPlayLevel: Creating play world package: /Game/LEVELS/UEDPIE_0_3_18_19
[2019.05.13-08.20.31:202][ 96]LogPlayLevel: PIE: StaticDuplicateObject took: (0.048082s)
[2019.05.13-08.20.31:203][ 96]LogAIModule: Creating AISystem for world 3_18_19
[2019.05.13-08.20.31:204][ 96]LogPlayLevel: PIE: World Init took: (0.001200s)
[2019.05.13-08.20.31:204][ 96]LogPlayLevel: PIE: Created PIE world by copying editor world from /Game/LEVELS/3_18_19.3_18_19 to /Game/LEVELS/UEDPIE_0_3_18_19.3_18_19 (0.049847s)
[2019.05.13-08.20.31:241][ 96]LogInit: XAudio2 using 'Speakers (Conexant SmartAudio HD)' : 2 channels at 48 kHz using 32 bits per sample (channel mask 0x3)
[2019.05.13-08.20.31:327][ 96]LogInit: FAudioDevice initialized.
[2019.05.13-08.20.31:376][ 96]LogLoad: Game class is 'FirstPersonGameMode_C'
[2019.05.13-08.20.31:382][ 96]LogWorld: Bringing World /Game/LEVELS/UEDPIE_0_3_18_19.3_18_19 up for play (max tick rate 60) at 2019.05.13-04.20.31
[2019.05.13-08.20.31:385][ 96]LogWorld: Bringing up level for play took: 0.007085
[2019.05.13-08.20.31:460][ 96]LogContentBrowser: Native class hierarchy updated for 'MovieSceneCapture' in 0.0006 seconds. Added 20 classes and 0 folders.
[2019.05.13-08.20.31:466][ 96]PIE: Play in editor start time for /Game/LEVELS/UEDPIE_0_3_18_19 1.117
[2019.05.13-08.20.31:466][ 96]LogBlueprintUserMessages: Late PlayInEditor Detection: Level '/Game/LEVELS/3_18_19.3_18_19:PersistentLevel' has LevelScriptBlueprint '/Game/LEVELS/3_18_19.3_18_19:PersistentLevel.3_18_19' with GeneratedClass '/Game/LEVELS/3_18_19.3_18_19_C' with ClassGeneratedBy '/Game/LEVELS/3_18_19.3_18_19:PersistentLevel.3_18_19'
[2019.05.13-08.20.31:555][ 97]LogCharacterMovement: Warning: GetSimulationTimeStep() - Max iterations 8 hit while remaining time 0.100000 > MaxSimulationTimeStep (0.050) for 'FirstPersonCharacter_C_1', movement 'Walking'
[2019.05.13-08.20.48:734][ 89]LogBlueprintUserMessages: Early EndPlayMap Detection: Level '/Game/LEVELS/3_18_19.3_18_19:PersistentLevel' has LevelScriptBlueprint '/Game/LEVELS/3_18_19.3_18_19:PersistentLevel.3_18_19' with GeneratedClass '/Game/LEVELS/3_18_19.3_18_19_C' with ClassGeneratedBy '/Game/LEVELS/3_18_19.3_18_19:PersistentLevel.3_18_19'
[2019.05.13-08.20.48:736][ 89]LogSlate: Updating window title bar state: overlay mode, drag disabled, window buttons hidden, title bar hidden
[2019.05.13-08.20.48:742][ 89]LogScript: Warning: Accessed None trying to read property CallFunc_Create_ReturnValue
	Plate_bp_C /Game/LEVELS/UEDPIE_0_3_18_19.3_18_19:PersistentLevel.Plate_bp2_2
	Function /Game/Blueprints/Plate_bp.Plate_bp_C:ExecuteUbergraph_Plate_bp:005B
[2019.05.13-08.20.48:742][ 89]PIE: Error: Blueprint Runtime Error: "Accessed None trying to read property CallFunc_Create_ReturnValue". Blueprint:  Plate_bp Function:  Execute Ubergraph Plate Bp Graph:  EventGraph Node:  Set Visibility
[2019.05.13-08.20.48:742][ 89]LogScript: Warning: Accessed None trying to read property CallFunc_Create_ReturnValue
	Plate_bp_C /Game/LEVELS/UEDPIE_0_3_18_19.3_18_19:PersistentLevel.Plate_bp_13
	Function /Game/Blueprints/Plate_bp.Plate_bp_C:ExecuteUbergraph_Plate_bp:005B
[2019.05.13-08.20.48:743][ 89]PIE: Error: Blueprint Runtime Error: "Accessed None trying to read property CallFunc_Create_ReturnValue". Blueprint:  Plate_bp Function:  Execute Ubergraph Plate Bp Graph:  EventGraph Node:  Set Visibility
[2019.05.13-08.20.48:778][ 89]LogPlayLevel: Display: Shutting down PIE online subsystems
[2019.05.13-08.20.48:778][ 89]LogBlueprintUserMessages: Late EndPlayMap Detection: Level '/Game/LEVELS/3_18_19.3_18_19:PersistentLevel' has LevelScriptBlueprint '/Game/LEVELS/3_18_19.3_18_19:PersistentLevel.3_18_19' with GeneratedClass '/Game/LEVELS/3_18_19.3_18_19_C' with ClassGeneratedBy '/Game/LEVELS/3_18_19.3_18_19:PersistentLevel.3_18_19'
[2019.05.13-08.20.48:807][ 89]LogSlate: Updating window title bar state: overlay mode, drag disabled, window buttons hidden, title bar hidden
[2019.05.13-08.20.48:819][ 89]LogSlate: FSceneViewport::OnFocusLost() reason 2
[2019.05.13-08.20.48:959][ 90]LogPlayLevel: Display: Destroying online subsystem :Context_3
[2019.05.13-08.20.49:114][ 90]LogSlate: Took 0.137360 seconds to synchronously load lazily loaded font '../../../Engine/Content/Slate/Fonts/DroidSansMono.ttf' (77K)
[2019.05.13-08.20.49:861][126]LogSlate: Window 'Message Log' being destroyed
[2019.05.13-08.20.49:872][126]LogSlate: Window 'Message Log' being destroyed
[2019.05.13-08.20.51:637][224]LogEditorViewport: Clicking on Actor (LMB): wrong_item2_C (wrong_item19)
[2019.05.13-08.20.52:776][282]Cmd: DELETE
[2019.05.13-08.20.52:776][282]Cmd: ACTOR DELETE
[2019.05.13-08.20.52:794][282]LogEditorActor: Deleted Actor: wrong_item2_C
[2019.05.13-08.20.52:822][282]LogEditorActor: Deleted 1 Actors (0.038 secs)
[2019.05.13-08.20.53:848][342]LogEditorViewport: Clicking on Actor (LMB): Toy_BP_C (Toy_BP)
[2019.05.13-08.21.02:656][791]Cmd: CAMERA ALIGN ACTIVEVIEWPORTONLY
[2019.05.13-08.21.15:540][483]LogSlate: FSceneViewport::OnFocusLost() reason 0
[2019.05.13-08.21.15:648][487]Cmd: OBJ SAVEPACKAGE PACKAGE="/Game/LEVELS/3_18_19" FILE="../../../../../../Users/Miriam/Documents/GAME2019/GAME2019/MyProject/Content/LEVELS/3_18_19.umap" SILENT=true AUTOSAVING=false KEEPDIRTY=false
[2019.05.13-08.21.16:442][487]LogSavePackage: Moving '../../../../../../Users/Miriam/Documents/GAME2019/GAME2019/MyProject/Saved/3_18_19C5B230C540FB542F2267D8B426055E6A.tmp' to '../../../../../../Users/Miriam/Documents/GAME2019/GAME2019/MyProject/Content/LEVELS/3_18_19.umap'
[2019.05.13-08.21.16:540][487]Cmd: OBJ SAVEPACKAGE PACKAGE="/Game/LEVELS/3_18_19_BuiltData" FILE="../../../../../../Users/Miriam/Documents/GAME2019/GAME2019/MyProject/Content/LEVELS/3_18_19_BuiltData.uasset" SILENT=true
[2019.05.13-08.21.19:199][487]LogSavePackage: Moving '../../../../../../Users/Miriam/Documents/GAME2019/GAME2019/MyProject/Saved/3_18_19_BuiltData194032CD4E6C1353269C5F8B5432C2F8.tmp' to '../../../../../../Users/Miriam/Documents/GAME2019/GAME2019/MyProject/Content/LEVELS/3_18_19_BuiltData.uasset'
[2019.05.13-08.21.21:967][628]LogEditorViewport: Clicking on Actor (LMB): StaticMeshActor (Floor)
[2019.05.13-08.21.22:704][659]LogEditorViewport: Clicking on Actor (LMB): Blue_Ghost_BP_C (Blue_Ghost_BP2)
[2019.05.13-08.21.25:768][822]LogEditorViewport: Clicking on Actor (LMB): StaticMeshActor (Wall_500x507)
[2019.05.13-08.21.26:475][856]LogEditorViewport: Clicking on Actor (LMB): ghost_Blueprint_C (ghost_Blueprint4)
[2019.05.13-08.21.27:746][921]Cmd: DELETE
[2019.05.13-08.21.27:746][921]Cmd: ACTOR DELETE
[2019.05.13-08.21.27:754][921]LogEditorActor: Deleted Actor: ghost_Blueprint_C
[2019.05.13-08.21.27:787][921]LogEditorActor: Deleted 1 Actors (0.041 secs)
[2019.05.13-08.21.48:590][129]LogSlate: FSceneViewport::OnFocusLost() reason 0
[2019.05.13-08.22.16:648][884]Cmd: OBJ SAVEPACKAGE PACKAGE="/Game/LEVELS/3_18_19" FILE="../../../../../../Users/Miriam/Documents/GAME2019/GAME2019/MyProject/Content/LEVELS/3_18_19.umap" SILENT=true AUTOSAVING=false KEEPDIRTY=false
[2019.05.13-08.22.16:978][884]LogSavePackage: Moving '../../../../../../Users/Miriam/Documents/GAME2019/GAME2019/MyProject/Saved/3_18_19D19091C946A3592D2B087EA310389C3A.tmp' to '../../../../../../Users/Miriam/Documents/GAME2019/GAME2019/MyProject/Content/LEVELS/3_18_19.umap'
[2019.05.13-08.22.17:042][884]Cmd: OBJ SAVEPACKAGE PACKAGE="/Game/LEVELS/3_18_19_BuiltData" FILE="../../../../../../Users/Miriam/Documents/GAME2019/GAME2019/MyProject/Content/LEVELS/3_18_19_BuiltData.uasset" SILENT=true
[2019.05.13-08.22.18:668][884]LogSavePackage: Moving '../../../../../../Users/Miriam/Documents/GAME2019/GAME2019/MyProject/Saved/3_18_19_BuiltData92FE920B4EF7CDEA43791C8F61821D66.tmp' to '../../../../../../Users/Miriam/Documents/GAME2019/GAME2019/MyProject/Content/LEVELS/3_18_19_BuiltData.uasset'
[2019.05.13-08.24.58:186][388]LogSlate: FSceneViewport::OnFocusLost() reason 2
